21.889999389648438
24.469999313354492
27.889999389648438
28.90999984741211
30.559999465942383
31.559999465942383
32.91999816894531
34.130001068115234
36.119998931884766
35.970001220703125
37.43000030517578
38.0
38.34000015258789
38.84000015258789
39.529998779296875
39.650001525878906
40.11000061035156
40.27000045776367
40.540000915527344
40.83000183105469
41.2400016784668
41.849998474121094
41.95000076293945
42.189998626708984
42.5
42.68000030517578
42.70000076293945
43.59000015258789
43.59000015258789
43.599998474121094
44.25
44.34000015258789
43.86000061035156
44.529998779296875
44.2599983215332
44.72999954223633
44.81999969482422
45.2400016784668
45.0099983215332
45.189998626708984
45.93000030517578
46.380001068115234
46.36000061035156
46.20000076293945
46.630001068115234
46.900001525878906
47.099998474121094
47.040000915527344
47.349998474121094
47.33000183105469
47.47999954223633
47.56999969482422
48.2599983215332
48.029998779296875
48.11000061035156
48.400001525878906
48.93000030517578
48.630001068115234
48.68000030517578
48.34000015258789
48.959999084472656
48.7599983215332
49.220001220703125
49.34000015258789
49.36000061035156
49.709999084472656
49.810001373291016
49.88999938964844
50.04999923706055
50.040000915527344
49.849998474121094
50.04999923706055
49.91999816894531
50.31999969482422
50.2400016784668
50.59000015258789
50.709999084472656
50.630001068115234
50.970001220703125
51.0099983215332
51.060001373291016
50.9900016784668
51.06999969482422
51.15999984741211
51.439998626708984
51.38999938964844
51.4900016784668
51.9900016784668
51.689998626708984
51.77000045776367
51.900001525878906
52.040000915527344
51.97999954223633
52.119998931884766
52.16999816894531
52.040000915527344
52.5099983215332
52.58000183105469
52.45000076293945
52.720001220703125
52.77000045776367
53.060001373291016
52.790000915527344
52.9900016784668
53.31999969482422
53.33000183105469
53.29999923706055
53.54999923706055
53.34000015258789
53.779998779296875
53.18000030517578
53.459999084472656
53.97999954223633
53.66999816894531
53.97999954223633
53.91999816894531
54.209999084472656
53.95000076293945
53.970001220703125
54.209999084472656
54.33000183105469
54.02000045776367
54.310001373291016
54.61000061035156
54.400001525878906
54.66999816894531
54.56999969482422
54.849998474121094
54.9900016784668
55.040000915527344
55.11000061035156
55.20000076293945
54.95000076293945
54.9900016784668
55.040000915527344
55.31999969482422
55.290000915527344
55.439998626708984
55.45000076293945
55.540000915527344
55.790000915527344
55.630001068115234
55.529998779296875
55.93000030517578
55.70000076293945
56.150001525878906
56.119998931884766
55.84000015258789
56.22999954223633
55.810001373291016
56.40999984741211
56.38999938964844
56.22999954223633
56.119998931884766
56.529998779296875
56.7400016784668
56.689998626708984
56.59000015258789
56.689998626708984
57.0099983215332
56.91999816894531
57.119998931884766
57.29999923706055
57.29999923706055
57.29999923706055
57.59000015258789
57.65999984741211
57.15999984741211
57.470001220703125
57.66999816894531
57.630001068115234
57.560001373291016
57.5
57.779998779296875
57.529998779296875
58.15999984741211
58.43000030517578
58.380001068115234
58.16999816894531
58.119998931884766
58.13999938964844
58.18000030517578
58.2400016784668
58.380001068115234
58.220001220703125
58.529998779296875
58.58000183105469
58.7599983215332
58.97999954223633
58.880001068115234
58.9900016784668
59.04999923706055
59.060001373291016
59.11000061035156
59.16999816894531
59.130001068115234
59.189998626708984
59.47999954223633
59.41999816894531
59.5
59.380001068115234
59.56999969482422
59.52000045776367
59.560001373291016
59.56999969482422
59.5099983215332
59.7400016784668
59.65999984741211
59.959999084472656
59.720001220703125
59.790000915527344
59.75
59.90999984741211
60.0
60.13999938964844
60.15999984741211
60.22999954223633
60.65999984741211
60.36000061035156
60.22999954223633
60.40999984741211
60.52000045776367
60.61000061035156
60.65999984741211
60.84000015258789
61.060001373291016
60.90999984741211
60.869998931884766
60.88999938964844
60.790000915527344
61.22999954223633
61.15999984741211
61.13999938964844
61.11000061035156
61.279998779296875
61.189998626708984
61.41999816894531
61.20000076293945
61.4900016784668
61.849998474121094
61.849998474121094
61.93000030517578
61.66999816894531
61.869998931884766
62.0
61.939998626708984
62.099998474121094
62.22999954223633
62.25
62.22999954223633
62.33000183105469
62.400001525878906
62.369998931884766
62.470001220703125
62.38999938964844
62.380001068115234
62.40999984741211
62.25
62.47999954223633
62.5099983215332
62.5
62.52000045776367
62.709999084472656
62.790000915527344
63.040000915527344
62.869998931884766
62.75
62.83000183105469
62.880001068115234
63.04999923706055
63.08000183105469
62.849998474121094
62.970001220703125
62.95000076293945
63.029998779296875
63.130001068115234
62.939998626708984
63.130001068115234
62.970001220703125
63.22999954223633
63.369998931884766
63.33000183105469
63.369998931884766
63.290000915527344
63.560001373291016
63.540000915527344
63.52000045776367
63.5099983215332
63.470001220703125
63.58000183105469
63.619998931884766
63.41999816894531
63.88999938964844
63.65999984741211
63.86000061035156
63.77000045776367
64.02999877929688
63.869998931884766
63.779998779296875
63.91999816894531
